Feature: ExcelChat expert onboarding flow
  Background: 

  Scenario Outline: User Signup and onboarding -- @1.1 
    Given I am on Expert Landing page ... passed in 3.949s
    When I sign up ... passed in 1.161s
    Then I am on Email Verification modal ... failed in 0.005s
Traceback (most recent call last):
  File "/Users/hqt/.virtualenvs/onboarding-test/lib/python3.7/site-packages/behave/model.py", line 1329, in run
    match.run(runner.context)
  File "/Users/hqt/.virtualenvs/onboarding-test/lib/python3.7/site-packages/behave/matchers.py", line 98, in run
    self.func(context, *args, **kwargs)
  File "features/steps/onboarding.py", line 32, in step_impl
    email_verification = EmailVerificationModal(context.driver_wrapper)
  File "/Users/hqt/dev/onboarding-test/pom/base/base_pom.py", line 14, in __init__
    assert self.is_displayed()
  File "/Users/hqt/dev/onboarding-test/pom/sign_up/email_verification_modal.py", line 12, in is_displayed
    assert self.driver_wrapper.is_iframe_displayed(self.account_kit_next_btn_locator)
  File "/Users/hqt/dev/onboarding-test/manager/driver_wrapper.py", line 72, in is_iframe_displayed
    iframes = self.get_elements(By.TAG_NAME("iframe"))
TypeError: 'str' object is not callable


  Scenario Outline: User Signup and onboarding -- @1.2 
    Given I am on Expert Landing page ... passed in 3.686s
    When I sign up ... passed in 1.054s
    Then I am on Email Verification modal ... failed in 0.001s
Traceback (most recent call last):
  File "/Users/hqt/.virtualenvs/onboarding-test/lib/python3.7/site-packages/behave/model.py", line 1329, in run
    match.run(runner.context)
  File "/Users/hqt/.virtualenvs/onboarding-test/lib/python3.7/site-packages/behave/matchers.py", line 98, in run
    self.func(context, *args, **kwargs)
  File "features/steps/onboarding.py", line 32, in step_impl
    email_verification = EmailVerificationModal(context.driver_wrapper)
  File "/Users/hqt/dev/onboarding-test/pom/base/base_pom.py", line 14, in __init__
    assert self.is_displayed()
  File "/Users/hqt/dev/onboarding-test/pom/sign_up/email_verification_modal.py", line 12, in is_displayed
    assert self.driver_wrapper.is_iframe_displayed(self.account_kit_next_btn_locator)
  File "/Users/hqt/dev/onboarding-test/manager/driver_wrapper.py", line 72, in is_iframe_displayed
    iframes = self.get_elements(By.TAG_NAME("iframe"))
TypeError: 'str' object is not callable


